C:\USERS\TR\DESKTOP\ZQZ\MSYSTEMSERVER\DEBUG\MSYSTEMSERVER.EXE
C:\USERS\TR\DESKTOP\ZQZ\MSYSTEMSERVER\DEBUG\MSYSTEMSERVER.ILK
C:\USERS\TR\DESKTOP\ZQZ\MSYSTEMSERVER\DEBUG\MSYSTEMSERVER.PDB
C:\Users\TR\Desktop\zqz\MsystemServer\MsystemServer\Debug\cl.command.1.tlog
C:\Users\TR\Desktop\zqz\MsystemServer\MsystemServer\Debug\CL.read.1.tlog
C:\Users\TR\Desktop\zqz\MsystemServer\MsystemServer\Debug\CL.write.1.tlog
C:\Users\TR\Desktop\zqz\MsystemServer\MsystemServer\Debug\link.command.1.tlog
C:\Users\TR\Desktop\zqz\MsystemServer\MsystemServer\Debug\link.read.1.tlog
C:\Users\TR\Desktop\zqz\MsystemServer\MsystemServer\Debug\link.write.1.tlog
C:\Users\TR\Desktop\zqz\MsystemServer\MsystemServer\Debug\link-cvtres.read.1.tlog
C:\Users\TR\Desktop\zqz\MsystemServer\MsystemServer\Debug\link-cvtres.write.1.tlog
C:\USERS\TR\DESKTOP\ZQZ\MSYSTEMSERVER\MSYSTEMSERVER\DEBUG\MSYSTEMSERVER.EXE.EMBED.MANIFEST
C:\USERS\TR\DESKTOP\ZQZ\MSYSTEMSERVER\MSYSTEMSERVER\DEBUG\MSYSTEMSERVER.EXE.EMBED.MANIFEST.RES
C:\USERS\TR\DESKTOP\ZQZ\MSYSTEMSERVER\MSYSTEMSERVER\DEBUG\MSYSTEMSERVER.EXE.INTERMEDIATE.MANIFEST
C:\USERS\TR\DESKTOP\ZQZ\MSYSTEMSERVER\MSYSTEMSERVER\DEBUG\MSYSTEMSERVER.OBJ
C:\USERS\TR\DESKTOP\ZQZ\MSYSTEMSERVER\MSYSTEMSERVER\DEBUG\MSYSTEMSERVER.PCH
C:\USERS\TR\DESKTOP\ZQZ\MSYSTEMSERVER\MSYSTEMSERVER\DEBUG\MSYSTEMSERVER.RES
C:\Users\TR\Desktop\zqz\MsystemServer\MsystemServer\Debug\MsystemServer.write.1.tlog
C:\Users\TR\Desktop\zqz\MsystemServer\MsystemServer\Debug\MsystemServer_manifest.rc
C:\USERS\TR\DESKTOP\ZQZ\MSYSTEMSERVER\MSYSTEMSERVER\DEBUG\MSYSTEMSERVERDLG.OBJ
C:\Users\TR\Desktop\zqz\MsystemServer\MsystemServer\Debug\mt.command.1.tlog
C:\Users\TR\Desktop\zqz\MsystemServer\MsystemServer\Debug\mt.read.1.tlog
C:\Users\TR\Desktop\zqz\MsystemServer\MsystemServer\Debug\mt.write.1.tlog
C:\Users\TR\Desktop\zqz\MsystemServer\MsystemServer\Debug\rc.command.1.tlog
C:\Users\TR\Desktop\zqz\MsystemServer\MsystemServer\Debug\rc.read.1.tlog
C:\Users\TR\Desktop\zqz\MsystemServer\MsystemServer\Debug\rc.write.1.tlog
C:\USERS\TR\DESKTOP\ZQZ\MSYSTEMSERVER\MSYSTEMSERVER\DEBUG\STDAFX.OBJ
C:\Users\TR\Desktop\zqz\MsystemServer\MsystemServer\Debug\vc100.idb
C:\USERS\TR\DESKTOP\ZQZ\MSYSTEMSERVER\MSYSTEMSERVER\DEBUG\VC100.PDB
