C:\USERS\TR\DESKTOP\ZQZ\MSYSTEMCUSTOMER\DEBUG\MSYSTEMCUSTOMER.EXE
C:\USERS\TR\DESKTOP\ZQZ\MSYSTEMCUSTOMER\DEBUG\MSYSTEMCUSTOMER.ILK
C:\USERS\TR\DESKTOP\ZQZ\MSYSTEMCUSTOMER\DEBUG\MSYSTEMCUSTOMER.PDB
C:\Users\TR\Desktop\zqz\Msystemcustomer\Msystemcustomer\Debug\cl.command.1.tlog
C:\Users\TR\Desktop\zqz\Msystemcustomer\Msystemcustomer\Debug\CL.read.1.tlog
C:\Users\TR\Desktop\zqz\Msystemcustomer\Msystemcustomer\Debug\CL.write.1.tlog
C:\USERS\TR\DESKTOP\ZQZ\MSYSTEMCUSTOMER\MSYSTEMCUSTOMER\DEBUG\CMANGE.OBJ
C:\USERS\TR\DESKTOP\ZQZ\MSYSTEMCUSTOMER\MSYSTEMCUSTOMER\DEBUG\CREGIST.OBJ
C:\Users\TR\Desktop\zqz\Msystemcustomer\Msystemcustomer\Debug\link.command.1.tlog
C:\Users\TR\Desktop\zqz\Msystemcustomer\Msystemcustomer\Debug\link.read.1.tlog
C:\Users\TR\Desktop\zqz\Msystemcustomer\Msystemcustomer\Debug\link.write.1.tlog
C:\Users\TR\Desktop\zqz\Msystemcustomer\Msystemcustomer\Debug\link-cvtres.read.1.tlog
C:\Users\TR\Desktop\zqz\Msystemcustomer\Msystemcustomer\Debug\link-cvtres.write.1.tlog
C:\USERS\TR\DESKTOP\ZQZ\MSYSTEMCUSTOMER\MSYSTEMCUSTOMER\DEBUG\MSYSTEMCUSTOMER.EXE.EMBED.MANIFEST
C:\USERS\TR\DESKTOP\ZQZ\MSYSTEMCUSTOMER\MSYSTEMCUSTOMER\DEBUG\MSYSTEMCUSTOMER.EXE.EMBED.MANIFEST.RES
C:\USERS\TR\DESKTOP\ZQZ\MSYSTEMCUSTOMER\MSYSTEMCUSTOMER\DEBUG\MSYSTEMCUSTOMER.EXE.INTERMEDIATE.MANIFEST
C:\USERS\TR\DESKTOP\ZQZ\MSYSTEMCUSTOMER\MSYSTEMCUSTOMER\DEBUG\MSYSTEMCUSTOMER.OBJ
C:\USERS\TR\DESKTOP\ZQZ\MSYSTEMCUSTOMER\MSYSTEMCUSTOMER\DEBUG\MSYSTEMCUSTOMER.PCH
C:\USERS\TR\DESKTOP\ZQZ\MSYSTEMCUSTOMER\MSYSTEMCUSTOMER\DEBUG\MSYSTEMCUSTOMER.RES
C:\Users\TR\Desktop\zqz\Msystemcustomer\Msystemcustomer\Debug\Msystemcustomer.write.1.tlog
C:\Users\TR\Desktop\zqz\Msystemcustomer\Msystemcustomer\Debug\Msystemcustomer_manifest.rc
C:\USERS\TR\DESKTOP\ZQZ\MSYSTEMCUSTOMER\MSYSTEMCUSTOMER\DEBUG\MSYSTEMCUSTOMERDLG.OBJ
C:\Users\TR\Desktop\zqz\Msystemcustomer\Msystemcustomer\Debug\mt.command.1.tlog
C:\Users\TR\Desktop\zqz\Msystemcustomer\Msystemcustomer\Debug\mt.read.1.tlog
C:\Users\TR\Desktop\zqz\Msystemcustomer\Msystemcustomer\Debug\mt.write.1.tlog
C:\Users\TR\Desktop\zqz\Msystemcustomer\Msystemcustomer\Debug\rc.command.1.tlog
C:\Users\TR\Desktop\zqz\Msystemcustomer\Msystemcustomer\Debug\rc.read.1.tlog
C:\Users\TR\Desktop\zqz\Msystemcustomer\Msystemcustomer\Debug\rc.write.1.tlog
C:\USERS\TR\DESKTOP\ZQZ\MSYSTEMCUSTOMER\MSYSTEMCUSTOMER\DEBUG\STDAFX.OBJ
C:\Users\TR\Desktop\zqz\Msystemcustomer\Msystemcustomer\Debug\vc100.idb
C:\USERS\TR\DESKTOP\ZQZ\MSYSTEMCUSTOMER\MSYSTEMCUSTOMER\DEBUG\VC100.PDB
