生成启动时间为 2019/8/7 21:41:00。
     1>项目“C:\Users\TR\Desktop\zqz\Msystemcustomer\Msystemcustomer\Msystemcustomer.vcxproj”在节点 2 上(rebuild 个目标)。
     1>_PrepareForClean:
         正在删除文件“Debug\Msystemcustomer.lastbuildstate”。
       InitializeBuildStatus:
         正在创建“Debug\Msystemcustomer.unsuccessfulbuild”，因为已指定“AlwaysCreate”。
       ClCompile:
         C:\Program Files (x86)\Microsoft Visual Studio 10.0\VC\bin\CL.exe /c /ZI /nologo /W3 /WX- /Od /Oy- /D WIN32 /D _WINDOWS /D _DEBUG /D _MBCS /D _AFXDLL /Gm /EHsc /RTC1 /MDd /GS /fp:precise /Zc:wchar_t /Zc:forScope /Yc"StdAfx.h" /Fp"Debug\Msystemcustomer.pch" /Fo"Debug\\" /Fd"Debug\vc100.pdb" /Gd /TP /analyze- /errorReport:prompt stdafx.cpp
         stdafx.cpp
         C:\Program Files (x86)\Microsoft Visual Studio 10.0\VC\bin\CL.exe /c /ZI /nologo /W3 /WX- /Od /Oy- /D WIN32 /D _WINDOWS /D _DEBUG /D _MBCS /D _AFXDLL /Gm /EHsc /RTC1 /MDd /GS /fp:precise /Zc:wchar_t /Zc:forScope /Yu"StdAfx.h" /Fp"Debug\Msystemcustomer.pch" /Fo"Debug\\" /Fd"Debug\vc100.pdb" /Gd /TP /analyze- /errorReport:prompt Cmange.cpp Cregist.cpp Msystemcustomer.cpp MsystemcustomerDlg.cpp
         MsystemcustomerDlg.cpp
     1>c:\users\tr\desktop\zqz\msystemcustomer\msystemcustomer\msystemcustomerdlg.cpp(119): warning C4305: “参数”: 从“int”到“u_short”截断
     1>c:\users\tr\desktop\zqz\msystemcustomer\msystemcustomer\msystemcustomerdlg.cpp(119): warning C4309: “参数”: 截断常量值
         Msystemcustomer.cpp
         Cregist.cpp
     1>c:\users\tr\desktop\zqz\msystemcustomer\msystemcustomer\cregist.cpp(64): warning C4309: “=”: 截断常量值
         Cmange.cpp
     1>c:\users\tr\desktop\zqz\msystemcustomer\msystemcustomer\cmange.cpp(82): warning C4309: “=”: 截断常量值
     1>c:\users\tr\desktop\zqz\msystemcustomer\msystemcustomer\cmange.cpp(106): warning C4309: “=”: 截断常量值
     1>c:\users\tr\desktop\zqz\msystemcustomer\msystemcustomer\cmange.cpp(129): warning C4309: “=”: 截断常量值
     1>c:\users\tr\desktop\zqz\msystemcustomer\msystemcustomer\cmange.cpp(153): warning C4309: “=”: 截断常量值
     1>c:\users\tr\desktop\zqz\msystemcustomer\msystemcustomer\cmange.cpp(179): warning C4309: “=”: 截断常量值
     1>c:\users\tr\desktop\zqz\msystemcustomer\msystemcustomer\cmange.cpp(206): warning C4309: “=”: 截断常量值
     1>c:\users\tr\desktop\zqz\msystemcustomer\msystemcustomer\cmange.cpp(87): warning C4101: “searchrecv”: 未引用的局部变量
     1>c:\users\tr\desktop\zqz\msystemcustomer\msystemcustomer\cmange.cpp(111): warning C4101: “searchrecv”: 未引用的局部变量
     1>c:\users\tr\desktop\zqz\msystemcustomer\msystemcustomer\cmange.cpp(134): warning C4101: “searchrecv”: 未引用的局部变量
     1>c:\users\tr\desktop\zqz\msystemcustomer\msystemcustomer\cmange.cpp(159): warning C4101: “searchrecv”: 未引用的局部变量
     1>c:\users\tr\desktop\zqz\msystemcustomer\msystemcustomer\cmange.cpp(185): warning C4101: “searchrecv”: 未引用的局部变量
     1>c:\users\tr\desktop\zqz\msystemcustomer\msystemcustomer\cmange.cpp(212): warning C4101: “searchrecv”: 未引用的局部变量
     1>c:\users\tr\desktop\zqz\msystemcustomer\msystemcustomer\cmange.cpp(306): warning C4309: “=”: 截断常量值
         正在生成代码...
     1>c:\users\tr\desktop\zqz\msystemcustomer\msystemcustomer\cmange.cpp(243): warning C4700: 使用了未初始化的局部变量“i”
       ResourceCompile:
         C:\Program Files (x86)\Microsoft SDKs\Windows\v7.0A\bin\rc.exe /D _DEBUG /D _AFXDLL /l"0x0804" /IDebug\ /nologo /fo"Debug\Msystemcustomer.res" Msystemcustomer.rc 
       ManifestResourceCompile:
         C:\Program Files (x86)\Microsoft SDKs\Windows\v7.0A\bin\rc.exe /nologo /fo"Debug\Msystemcustomer.exe.embed.manifest.res" Debug\Msystemcustomer_manifest.rc 
       Link:
         C:\Program Files (x86)\Microsoft Visual Studio 10.0\VC\bin\link.exe /ERRORREPORT:PROMPT /OUT:"C:\Users\TR\Desktop\zqz\Msystemcustomer\Debug\Msystemcustomer.exe" /INCREMENTAL /NOLOGO /MANIFEST /ManifestFile:"Debug\Msystemcustomer.exe.intermediate.manifest" /MANIFESTUAC:"level='asInvoker' uiAccess='false'" /DEBUG /PDB:"C:\Users\TR\Desktop\zqz\Msystemcustomer\Debug\Msystemcustomer.pdb" /SUBSYSTEM:WINDOWS /TLBID:1 /DYNAMICBASE /NXCOMPAT /IMPLIB:"C:\Users\TR\Desktop\zqz\Msystemcustomer\Debug\Msystemcustomer.lib" /MACHINE:X86 Debug\Msystemcustomer.res
         Debug\Msystemcustomer.exe.embed.manifest.res
         Debug\Cmange.obj
         Debug\Cregist.obj
         Debug\Msystemcustomer.obj
         Debug\MsystemcustomerDlg.obj
         Debug\stdafx.obj
       Manifest:
         正在删除文件“Debug\Msystemcustomer.exe.embed.manifest”。
         C:\Program Files (x86)\Microsoft SDKs\Windows\v7.0A\bin\mt.exe /nologo /verbose /out:"Debug\Msystemcustomer.exe.embed.manifest" /manifest Debug\Msystemcustomer.exe.intermediate.manifest "C:\Program Files (x86)\Microsoft Visual Studio 10.0\VC\Include\Manifest\dpiaware.manifest"
         C:\Program Files (x86)\Microsoft SDKs\Windows\v7.0A\bin\rc.exe /nologo /fo"Debug\Msystemcustomer.exe.embed.manifest.res" Debug\Msystemcustomer_manifest.rc 
       LinkEmbedManifest:
         C:\Program Files (x86)\Microsoft Visual Studio 10.0\VC\bin\link.exe /ERRORREPORT:PROMPT /OUT:"C:\Users\TR\Desktop\zqz\Msystemcustomer\Debug\Msystemcustomer.exe" /INCREMENTAL /NOLOGO /MANIFEST /ManifestFile:"Debug\Msystemcustomer.exe.intermediate.manifest" /MANIFESTUAC:"level='asInvoker' uiAccess='false'" /DEBUG /PDB:"C:\Users\TR\Desktop\zqz\Msystemcustomer\Debug\Msystemcustomer.pdb" /SUBSYSTEM:WINDOWS /TLBID:1 /DYNAMICBASE /NXCOMPAT /IMPLIB:"C:\Users\TR\Desktop\zqz\Msystemcustomer\Debug\Msystemcustomer.lib" /MACHINE:X86 Debug\Msystemcustomer.res
         Debug\Msystemcustomer.exe.embed.manifest.res
         Debug\Cmange.obj
         Debug\Cregist.obj
         Debug\Msystemcustomer.obj
         Debug\MsystemcustomerDlg.obj
         Debug\stdafx.obj
         Msystemcustomer.vcxproj -> C:\Users\TR\Desktop\zqz\Msystemcustomer\Debug\Msystemcustomer.exe
       FinalizeBuildStatus:
         正在删除文件“Debug\Msystemcustomer.unsuccessfulbuild”。
         正在对“Debug\Msystemcustomer.lastbuildstate”执行 Touch 任务。
     1>已完成生成项目“C:\Users\TR\Desktop\zqz\Msystemcustomer\Msystemcustomer\Msystemcustomer.vcxproj”(rebuild 个目标)的操作。

生成成功。

已用时间 00:00:04.53
