c:\users\zqz\desktop\zqz\msystemcustomer\msystemcustomer\release\msystemcustomer.pch
c:\users\zqz\desktop\zqz\msystemcustomer\msystemcustomer\release\stdafx.obj
c:\users\zqz\desktop\zqz\msystemcustomer\msystemcustomer\release\vc100.pdb
c:\users\zqz\desktop\zqz\msystemcustomer\msystemcustomer\release\msystemcustomerdlg.obj
c:\users\zqz\desktop\zqz\msystemcustomer\msystemcustomer\release\msystemcustomer.obj
c:\users\zqz\desktop\zqz\msystemcustomer\msystemcustomer\release\cregist.obj
c:\users\zqz\desktop\zqz\msystemcustomer\msystemcustomer\release\cmange.obj
c:\users\zqz\desktop\zqz\msystemcustomer\release\msystemcustomer.exe
c:\users\zqz\desktop\zqz\msystemcustomer\msystemcustomer\release\msystemcustomer.exe.intermediate.manifest
c:\users\zqz\desktop\zqz\msystemcustomer\release\msystemcustomer.pdb
c:\users\zqz\desktop\zqz\msystemcustomer\msystemcustomer\release\msystemcustomer.res
c:\users\123\desktop\new\msystemcustomer\msystemcustomer\release\cmange.obj
c:\users\123\desktop\new\msystemcustomer\msystemcustomer\release\cregist.obj
c:\users\123\desktop\new\msystemcustomer\msystemcustomer\release\msystemcustomer.obj
c:\users\123\desktop\new\msystemcustomer\msystemcustomer\release\msystemcustomerdlg.obj
c:\users\123\desktop\new\msystemcustomer\msystemcustomer\release\stdafx.obj
c:\users\123\desktop\new\msystemcustomer\msystemcustomer\release\cl.command.1.tlog
c:\users\123\desktop\new\msystemcustomer\msystemcustomer\release\cl.read.1.tlog
c:\users\123\desktop\new\msystemcustomer\msystemcustomer\release\cl.write.1.tlog
c:\users\123\desktop\new\msystemcustomer\msystemcustomer\release\link-cvtres.read.1.tlog
c:\users\123\desktop\new\msystemcustomer\msystemcustomer\release\link-cvtres.write.1.tlog
c:\users\123\desktop\new\msystemcustomer\msystemcustomer\release\link.command.1.tlog
c:\users\123\desktop\new\msystemcustomer\msystemcustomer\release\link.read.1.tlog
c:\users\123\desktop\new\msystemcustomer\msystemcustomer\release\link.write.1.tlog
c:\users\123\desktop\new\msystemcustomer\msystemcustomer\release\msystemcustomer.write.1.tlog
c:\users\123\desktop\new\msystemcustomer\msystemcustomer\release\mt.command.1.tlog
c:\users\123\desktop\new\msystemcustomer\msystemcustomer\release\mt.read.1.tlog
c:\users\123\desktop\new\msystemcustomer\msystemcustomer\release\mt.write.1.tlog
c:\users\123\desktop\new\msystemcustomer\msystemcustomer\release\rc.command.1.tlog
c:\users\123\desktop\new\msystemcustomer\msystemcustomer\release\rc.read.1.tlog
c:\users\123\desktop\new\msystemcustomer\msystemcustomer\release\rc.write.1.tlog
c:\users\123\desktop\new\msystemcustomer\msystemcustomer\release\msystemcustomer.exe.intermediate.manifest
c:\users\123\desktop\new\msystemcustomer\msystemcustomer\release\msystemcustomer.res
c:\users\123\desktop\new\msystemcustomer\msystemcustomer\release\msystemcustomer.pch
c:\users\123\desktop\new\msystemcustomer\msystemcustomer\release\vc100.pdb
c:\users\123\desktop\new\msystemcustomer\release\msystemcustomer.pdb
c:\users\123\desktop\new\msystemcustomer\release\msystemcustomer.exe
