c:\users\zqz\desktop\zqz\msystemserver\msystemserver\release\msystemserver.pch
c:\users\zqz\desktop\zqz\msystemserver\msystemserver\release\stdafx.obj
c:\users\zqz\desktop\zqz\msystemserver\msystemserver\release\vc100.pdb
c:\users\zqz\desktop\zqz\msystemserver\msystemserver\release\msystemserverdlg.obj
c:\users\zqz\desktop\zqz\msystemserver\msystemserver\release\msystemserver.obj
c:\users\zqz\desktop\zqz\msystemserver\release\msystemserver.exe
c:\users\zqz\desktop\zqz\msystemserver\msystemserver\release\msystemserver.exe.intermediate.manifest
c:\users\zqz\desktop\zqz\msystemserver\release\msystemserver.pdb
c:\users\zqz\desktop\zqz\msystemserver\msystemserver\release\msystemserver.res
c:\users\123\desktop\new\msystemserver\msystemserver\release\msystemserver.vcxprojresolveassemblyreference.cache
c:\users\123\desktop\new\msystemserver\msystemserver\release\msystemserver.obj
c:\users\123\desktop\new\msystemserver\msystemserver\release\msystemserverdlg.obj
c:\users\123\desktop\new\msystemserver\msystemserver\release\stdafx.obj
c:\users\123\desktop\new\msystemserver\msystemserver\release\cl.command.1.tlog
c:\users\123\desktop\new\msystemserver\msystemserver\release\cl.read.1.tlog
c:\users\123\desktop\new\msystemserver\msystemserver\release\cl.write.1.tlog
c:\users\123\desktop\new\msystemserver\msystemserver\release\link-cvtres.read.1.tlog
c:\users\123\desktop\new\msystemserver\msystemserver\release\link-cvtres.write.1.tlog
c:\users\123\desktop\new\msystemserver\msystemserver\release\link.command.1.tlog
c:\users\123\desktop\new\msystemserver\msystemserver\release\link.read.1.tlog
c:\users\123\desktop\new\msystemserver\msystemserver\release\link.write.1.tlog
c:\users\123\desktop\new\msystemserver\msystemserver\release\msystemserver.write.1.tlog
c:\users\123\desktop\new\msystemserver\msystemserver\release\mt.command.1.tlog
c:\users\123\desktop\new\msystemserver\msystemserver\release\mt.read.1.tlog
c:\users\123\desktop\new\msystemserver\msystemserver\release\mt.write.1.tlog
c:\users\123\desktop\new\msystemserver\msystemserver\release\rc.command.1.tlog
c:\users\123\desktop\new\msystemserver\msystemserver\release\rc.read.1.tlog
c:\users\123\desktop\new\msystemserver\msystemserver\release\rc.write.1.tlog
c:\users\123\desktop\new\msystemserver\msystemserver\release\msystemserver.exe.intermediate.manifest
c:\users\123\desktop\new\msystemserver\msystemserver\release\msystemserver.res
c:\users\123\desktop\new\msystemserver\msystemserver\release\msystemserver.pch
c:\users\123\desktop\new\msystemserver\msystemserver\release\vc100.pdb
c:\users\123\desktop\new\msystemserver\release\msystemserver.pdb
c:\users\123\desktop\new\msystemserver\release\msystemserver.exe
